<?xml version="1.0" encoding="UTF-8"?>
<!-- Generated by org.testng.reporters.JUnitReportReporter -->
<testsuite hostname="LAPTOP-O5GDNPVM" failures="0" tests="16" name="take_home_webdriver_test.Webdriver_Tests.LoginTestCases" time="11.689" errors="0" timestamp="2021-07-29T23:46:36 IST" skipped="0">
  <testcase classname="take_home_webdriver_test.Webdriver_Tests.LoginTestCases" name="verifyValidationMessagesForInvalidCredentials" time="0.383"/>
  <system-out/>
  <testcase classname="take_home_webdriver_test.Webdriver_Tests.LoginTestCases" name="verifyLockedOutUser" time="0.861"/>
  <system-out/>
  <testcase classname="take_home_webdriver_test.Webdriver_Tests.LoginTestCases" name="verifyValidationMessagesForInvalidCredentials" time="0.375"/>
  <system-out/>
  <testcase classname="take_home_webdriver_test.Webdriver_Tests.LoginTestCases" name="verifyLoginForValidAndInvalidCredentials" time="0.372"/>
  <system-out/>
  <testcase classname="take_home_webdriver_test.Webdriver_Tests.LoginTestCases" name="verifyValidationMessagesForInvalidCredentials" time="0.441"/>
  <system-out/>
  <testcase classname="take_home_webdriver_test.Webdriver_Tests.LoginTestCases" name="verifyLoginPageUI" time="0.175"/>
  <system-out/>
  <testcase classname="take_home_webdriver_test.Webdriver_Tests.LoginTestCases" name="verifyLoginForValidAndInvalidCredentials" time="5.491"/>
  <system-out/>
  <testcase classname="take_home_webdriver_test.Webdriver_Tests.LoginTestCases" name="verifyLoginForValidAndInvalidCredentials" time="0.373"/>
  <system-out/>
  <testcase classname="take_home_webdriver_test.Webdriver_Tests.LoginTestCases" name="verifyValidationMessagesForInvalidCredentials" time="0.402"/>
  <system-out/>
  <testcase classname="take_home_webdriver_test.Webdriver_Tests.LoginTestCases" name="verifyLoginForValidAndInvalidCredentials" time="0.455"/>
  <system-out/>
  <testcase classname="take_home_webdriver_test.Webdriver_Tests.LoginTestCases" name="verifyValidationMessagesForInvalidCredentials" time="0.390"/>
  <system-out/>
  <testcase classname="take_home_webdriver_test.Webdriver_Tests.LoginTestCases" name="verifyLoginForValidAndInvalidCredentials" time="0.396"/>
  <system-out/>
  <testcase classname="take_home_webdriver_test.Webdriver_Tests.LoginTestCases" name="verifyLoginForValidAndInvalidCredentials" time="0.417"/>
  <system-out/>
  <testcase classname="take_home_webdriver_test.Webdriver_Tests.LoginTestCases" name="verifyLoginForValidAndInvalidCredentials" time="0.390"/>
  <system-out/>
  <testcase classname="take_home_webdriver_test.Webdriver_Tests.LoginTestCases" name="verifyLoginForValidAndInvalidCredentials" time="0.392"/>
  <system-out/>
  <testcase classname="take_home_webdriver_test.Webdriver_Tests.LoginTestCases" name="verifyLoginForValidAndInvalidCredentials" time="0.376"/>
  <system-out/>
</testsuite> <!-- take_home_webdriver_test.Webdriver_Tests.LoginTestCases -->
